<?xml version="1.0" encoding="UTF-8"?>
<testsuite xmlns:xsi="http://www.w3.org/2001/XMLSchema-instance" xsi:noNamespaceSchemaLocation="https://maven.apache.org/surefire/maven-surefire-plugin/xsd/surefire-test-report-3.0.xsd" version="3.0" name="com.contactservice.ContactServiceTest" time="0.029" tests="15" errors="0" skipped="0" failures="0">
  <properties>
    <property name="java.specification.version" value="22"/>
    <property name="sun.cpu.isalist" value="amd64"/>
    <property name="sun.jnu.encoding" value="Cp1252"/>
    <property name="java.class.path" value="C:\Users\jeanc\SWE\Projects\contact-service\target\test-classes;C:\Users\jeanc\SWE\Projects\contact-service\target\classes;C:\Users\jeanc\.m2\repository\org\junit\jupiter\junit-jupiter-api\5.7.0\junit-jupiter-api-5.7.0.jar;C:\Users\jeanc\.m2\repository\org\apiguardian\apiguardian-api\1.1.0\apiguardian-api-1.1.0.jar;C:\Users\jeanc\.m2\repository\org\opentest4j\opentest4j\1.2.0\opentest4j-1.2.0.jar;C:\Users\jeanc\.m2\repository\org\junit\platform\junit-platform-commons\1.7.0\junit-platform-commons-1.7.0.jar;C:\Users\jeanc\.m2\repository\org\junit\jupiter\junit-jupiter-engine\5.7.0\junit-jupiter-engine-5.7.0.jar;C:\Users\jeanc\.m2\repository\org\junit\platform\junit-platform-engine\1.7.0\junit-platform-engine-1.7.0.jar;"/>
    <property name="java.vm.vendor" value="Oracle Corporation"/>
    <property name="sun.arch.data.model" value="64"/>
    <property name="user.variant" value=""/>
    <property name="java.vendor.url" value="https://java.oracle.com/"/>
    <property name="user.timezone" value="America/New_York"/>
    <property name="os.name" value="Windows 11"/>
    <property name="java.vm.specification.version" value="22"/>
    <property name="sun.java.launcher" value="SUN_STANDARD"/>
    <property name="user.country" value="US"/>
    <property name="sun.boot.library.path" value="C:\Program Files\Java\jdk-22\bin"/>
    <property name="sun.java.command" value="C:\Users\jeanc\AppData\Local\Temp\surefire10348518759320820810\surefirebooter3267374705151379091.jar C:\Users\jeanc\AppData\Local\Temp\surefire10348518759320820810 2024-04-14T20-12-18_512-jvmRun1 surefire14868771569285329719tmp surefire_013668669622717805060tmp"/>
    <property name="jdk.debug" value="release"/>
    <property name="surefire.test.class.path" value="C:\Users\jeanc\SWE\Projects\contact-service\target\test-classes;C:\Users\jeanc\SWE\Projects\contact-service\target\classes;C:\Users\jeanc\.m2\repository\org\junit\jupiter\junit-jupiter-api\5.7.0\junit-jupiter-api-5.7.0.jar;C:\Users\jeanc\.m2\repository\org\apiguardian\apiguardian-api\1.1.0\apiguardian-api-1.1.0.jar;C:\Users\jeanc\.m2\repository\org\opentest4j\opentest4j\1.2.0\opentest4j-1.2.0.jar;C:\Users\jeanc\.m2\repository\org\junit\platform\junit-platform-commons\1.7.0\junit-platform-commons-1.7.0.jar;C:\Users\jeanc\.m2\repository\org\junit\jupiter\junit-jupiter-engine\5.7.0\junit-jupiter-engine-5.7.0.jar;C:\Users\jeanc\.m2\repository\org\junit\platform\junit-platform-engine\1.7.0\junit-platform-engine-1.7.0.jar;"/>
    <property name="sun.cpu.endian" value="little"/>
    <property name="user.home" value="C:\Users\jeanc"/>
    <property name="user.language" value="en"/>
    <property name="java.specification.vendor" value="Oracle Corporation"/>
    <property name="java.version.date" value="2024-03-19"/>
    <property name="java.home" value="C:\Program Files\Java\jdk-22"/>
    <property name="file.separator" value="\"/>
    <property name="basedir" value="C:\Users\jeanc\SWE\Projects\contact-service"/>
    <property name="java.vm.compressedOopsMode" value="Zero based"/>
    <property name="line.separator" value="&#10;"/>
    <property name="java.vm.specification.vendor" value="Oracle Corporation"/>
    <property name="java.specification.name" value="Java Platform API Specification"/>
    <property name="surefire.real.class.path" value="C:\Users\jeanc\AppData\Local\Temp\surefire10348518759320820810\surefirebooter3267374705151379091.jar"/>
    <property name="user.script" value=""/>
    <property name="sun.management.compiler" value="HotSpot 64-Bit Tiered Compilers"/>
    <property name="java.runtime.version" value="22+36-2370"/>
    <property name="user.name" value="jeanc"/>
    <property name="stdout.encoding" value="Cp1252"/>
    <property name="path.separator" value=";"/>
    <property name="os.version" value="10.0"/>
    <property name="java.runtime.name" value="Java(TM) SE Runtime Environment"/>
    <property name="file.encoding" value="UTF-8"/>
    <property name="java.vm.name" value="Java HotSpot(TM) 64-Bit Server VM"/>
    <property name="localRepository" value="C:\Users\jeanc\.m2\repository"/>
    <property name="java.vendor.url.bug" value="https://bugreport.java.com/bugreport/"/>
    <property name="java.io.tmpdir" value="C:\Users\jeanc\AppData\Local\Temp\"/>
    <property name="java.version" value="22"/>
    <property name="user.dir" value="C:\Users\jeanc\SWE\Projects\contact-service"/>
    <property name="os.arch" value="amd64"/>
    <property name="java.vm.specification.name" value="Java Virtual Machine Specification"/>
    <property name="sun.os.patch.level" value=""/>
    <property name="native.encoding" value="Cp1252"/>
    <property name="java.library.path" value="C:\Program Files\Java\jdk-22\bin;C:\WINDOWS\Sun\Java\bin;C:\WINDOWS\system32;C:\WINDOWS;C:\Program Files\Common Files\Oracle\Java\javapath;C:\Windows\system32;C:\Windows;C:\Windows\System32\Wbem;C:\Windows\System32\WindowsPowerShell\v1.0\;C:\Windows\System32\OpenSSH\;C:\Program Files (x86)\NVIDIA Corporation\PhysX\Common;C:\WINDOWS\system32;C:\WINDOWS;C:\WINDOWS\System32\Wbem;C:\WINDOWS\System32\WindowsPowerShell\v1.0\;C:\WINDOWS\System32\OpenSSH\;C:\Program Files\dotnet\;C:\Users\jeanc\AppData\Local\Microsoft\WindowsApps;C:\Users\jeanc\AppData\Local\Programs\Microsoft VS Code\bin;C:\Users\jeanc\SWE\apache-maven-3.9.6-bin\apache-maven-3.9.6\bin;;."/>
    <property name="java.vm.info" value="mixed mode, sharing"/>
    <property name="stderr.encoding" value="Cp1252"/>
    <property name="java.vendor" value="Oracle Corporation"/>
    <property name="java.vm.version" value="22+36-2370"/>
    <property name="sun.io.unicode.encoding" value="UnicodeLittle"/>
    <property name="java.class.version" value="66.0"/>
  </properties>
  <testcase name="testDeleteContact" classname="com.contactservice.ContactServiceTest" time="0.004"/>
  <testcase name="testNonExistenceAfterDeletion" classname="com.contactservice.ContactServiceTest" time="0.002"/>
  <testcase name="testUpdateWithMultipleFieldErrors" classname="com.contactservice.ContactServiceTest" time="0.001"/>
  <testcase name="testDeleteNonExistentContact" classname="com.contactservice.ContactServiceTest" time="0.001"/>
  <testcase name="testAddContactWithEdgeCaseNames" classname="com.contactservice.ContactServiceTest" time="0.002"/>
  <testcase name="testUpdateInvalidFirstName" classname="com.contactservice.ContactServiceTest" time="0.001"/>
  <testcase name="testPartiallyValidUpdate" classname="com.contactservice.ContactServiceTest" time="0"/>
  <testcase name="addContactWithNullValues" classname="com.contactservice.ContactServiceTest" time="0.001"/>
  <testcase name="updateContactWithNullName" classname="com.contactservice.ContactServiceTest" time="0.001"/>
  <testcase name="testAddDuplicateContactId" classname="com.contactservice.ContactServiceTest" time="0.001"/>
  <testcase name="testUpdateContact" classname="com.contactservice.ContactServiceTest" time="0.003"/>
  <testcase name="testAddDuplicateContact" classname="com.contactservice.ContactServiceTest" time="0.001"/>
  <testcase name="testUpdateNonExistentContact" classname="com.contactservice.ContactServiceTest" time="0"/>
  <testcase name="testSequentialOperations" classname="com.contactservice.ContactServiceTest" time="0.001"/>
  <testcase name="testAddContact" classname="com.contactservice.ContactServiceTest" time="0.001"/>
</testsuite>